<?xml version="1.0" encoding="UTF-8"?>
<testsuite xmlns:xsi="http://www.w3.org/2001/XMLSchema-instance" xsi:noNamespaceSchemaLocation="https://maven.apache.org/surefire/maven-surefire-plugin/xsd/surefire-test-report-3.0.xsd" version="3.0" name="sze.thesis.ThesisApplicationTests" time="8.308" tests="1" errors="0" skipped="0" failures="0">
  <properties>
[...]
</properties>
  <testcase name="contextLoads" classname="sze.thesis.ThesisApplicationTests" time="0.648">
    <system-out><![CDATA[20:41:35.278 [main] INFO org.springframework.test.context.support.AnnotationConfigContextLoaderUtils -- Could not detect default configuration classes for test class [sze.thesis.ThesisApplicationTests]: ThesisApplicationTests does not declare any static, non-private, non-final, nested classes annotated with @Configuration.
20:41:35.397 [main] INFO org.springframework.boot.test.context.SpringBootTestContextBootstrapper -- Found @SpringBootConfiguration sze.thesis.ThesisApplication for test class sze.thesis.ThesisApplicationTests

  .   ____          _            __ _ _
 /\\ / ___'_ __ _ _(_)_ __  __ _ \ \ \ \
( ( )\___ | '_ | '_| | '_ \/ _` | \ \ \ \
 \\/  ___)| |_)| | | | | || (_| |  ) ) ) )
  '  |____| .__|_| |_|_| |_\__, | / / / /
 =========|_|==============|___/=/_/_/_/
 :: Spring Boot ::                (v3.1.1)

2023-09-24T20:41:36.047+02:00  INFO 8704 --- [           main] sze.thesis.ThesisApplicationTests        : Starting ThesisApplicationTests using Java 17.0.2 with PID 8704 (started by schei in C:\Users\schei\Desktop\thesis\thesis)
2023-09-24T20:41:36.050+02:00  INFO 8704 --- [           main] sze.thesis.ThesisApplicationTests        : No active profile set, falling back to 1 default profile: "default"
2023-09-24T20:41:37.274+02:00  INFO 8704 --- [           main] .s.d.r.c.RepositoryConfigurationDelegate : Bootstrapping Spring Data JPA repositories in DEFAULT mode.
2023-09-24T20:41:37.355+02:00  INFO 8704 --- [           main] .s.d.r.c.RepositoryConfigurationDelegate : Finished Spring Data repository scanning in 69 ms. Found 3 JPA repository interfaces.
2023-09-24T20:41:38.060+02:00  INFO 8704 --- [           main] o.hibernate.jpa.internal.util.LogHelper  : HHH000204: Processing PersistenceUnitInfo [name: default]
2023-09-24T20:41:38.149+02:00  INFO 8704 --- [           main] org.hibernate.Version                    : HHH000412: Hibernate ORM core version 6.2.5.Final
2023-09-24T20:41:38.152+02:00  INFO 8704 --- [           main] org.hibernate.cfg.Environment            : HHH000406: Using bytecode reflection optimizer
2023-09-24T20:41:38.444+02:00  INFO 8704 --- [           main] o.h.b.i.BytecodeProviderInitiator        : HHH000021: Bytecode provider name : bytebuddy
2023-09-24T20:41:38.649+02:00  INFO 8704 --- [           main] o.s.o.j.p.SpringPersistenceUnitInfo      : No LoadTimeWeaver setup: ignoring JPA class transformer
2023-09-24T20:41:38.674+02:00  INFO 8704 --- [           main] com.zaxxer.hikari.HikariDataSource       : HikariPool-1 - Starting...
2023-09-24T20:41:38.960+02:00  INFO 8704 --- [           main] com.zaxxer.hikari.pool.HikariPool        : HikariPool-1 - Added connection org.postgresql.jdbc.PgConnection@7493d937
2023-09-24T20:41:38.964+02:00  INFO 8704 --- [           main] com.zaxxer.hikari.HikariDataSource       : HikariPool-1 - Start completed.
2023-09-24T20:41:39.443+02:00  INFO 8704 --- [           main] o.h.b.i.BytecodeProviderInitiator        : HHH000021: Bytecode provider name : bytebuddy
2023-09-24T20:41:40.344+02:00  INFO 8704 --- [           main] o.h.e.t.j.p.i.JtaPlatformInitiator       : HHH000490: Using JtaPlatform implementation: [org.hibernate.engine.transaction.jta.platform.internal.NoJtaPlatform]
Hibernate: 
    alter table if exists order_item 
       drop constraint if exists FKija6hjjiit8dprnmvtvgdp6ru
2023-09-24T20:41:40.381+02:00  WARN 8704 --- [           main] o.h.engine.jdbc.spi.SqlExceptionHelper   : SQL Warning Code: 0, SQLState: 00000
2023-09-24T20:41:40.381+02:00  WARN 8704 --- [           main] o.h.engine.jdbc.spi.SqlExceptionHelper   : relation "order_item" does not exist, skipping
Hibernate: 
    alter table if exists order_item 
       drop constraint if exists FKt4dc2r9nbvbujrljv3e23iibt
2023-09-24T20:41:40.384+02:00  WARN 8704 --- [           main] o.h.engine.jdbc.spi.SqlExceptionHelper   : SQL Warning Code: 0, SQLState: 00000
2023-09-24T20:41:40.384+02:00  WARN 8704 --- [           main] o.h.engine.jdbc.spi.SqlExceptionHelper   : relation "order_item" does not exist, skipping
Hibernate: 
    alter table if exists orders 
       drop constraint if exists FKsjfs85qf6vmcurlx43cnc16gy
2023-09-24T20:41:40.386+02:00  WARN 8704 --- [           main] o.h.engine.jdbc.spi.SqlExceptionHelper   : SQL Warning Code: 0, SQLState: 00000
2023-09-24T20:41:40.387+02:00  WARN 8704 --- [           main] o.h.engine.jdbc.spi.SqlExceptionHelper   : relation "orders" does not exist, skipping
Hibernate: 
    alter table if exists user_roles 
       drop constraint if exists FKhfh9dx7w3ubf1co1vdev94g3f
2023-09-24T20:41:40.389+02:00  WARN 8704 --- [           main] o.h.engine.jdbc.spi.SqlExceptionHelper   : SQL Warning Code: 0, SQLState: 00000
2023-09-24T20:41:40.389+02:00  WARN 8704 --- [           main] o.h.engine.jdbc.spi.SqlExceptionHelper   : relation "user_roles" does not exist, skipping
Hibernate: 
    drop table if exists item cascade
2023-09-24T20:41:40.391+02:00  WARN 8704 --- [           main] o.h.engine.jdbc.spi.SqlExceptionHelper   : SQL Warning Code: 0, SQLState: 00000
2023-09-24T20:41:40.392+02:00  WARN 8704 --- [           main] o.h.engine.jdbc.spi.SqlExceptionHelper   : table "item" does not exist, skipping
Hibernate: 
    drop table if exists order_item cascade
2023-09-24T20:41:40.393+02:00  WARN 8704 --- [           main] o.h.engine.jdbc.spi.SqlExceptionHelper   : SQL Warning Code: 0, SQLState: 00000
2023-09-24T20:41:40.394+02:00  WARN 8704 --- [           main] o.h.engine.jdbc.spi.SqlExceptionHelper   : table "order_item" does not exist, skipping
Hibernate: 
    drop table if exists orders cascade
2023-09-24T20:41:40.395+02:00  WARN 8704 --- [           main] o.h.engine.jdbc.spi.SqlExceptionHelper   : SQL Warning Code: 0, SQLState: 00000
2023-09-24T20:41:40.395+02:00  WARN 8704 --- [           main] o.h.engine.jdbc.spi.SqlExceptionHelper   : table "orders" does not exist, skipping
Hibernate: 
    drop table if exists user_roles cascade
2023-09-24T20:41:40.397+02:00  WARN 8704 --- [           main] o.h.engine.jdbc.spi.SqlExceptionHelper   : SQL Warning Code: 0, SQLState: 00000
2023-09-24T20:41:40.398+02:00  WARN 8704 --- [           main] o.h.engine.jdbc.spi.SqlExceptionHelper   : table "user_roles" does not exist, skipping
Hibernate: 
    drop table if exists users cascade
2023-09-24T20:41:40.399+02:00  WARN 8704 --- [           main] o.h.engine.jdbc.spi.SqlExceptionHelper   : SQL Warning Code: 0, SQLState: 00000
2023-09-24T20:41:40.400+02:00  WARN 8704 --- [           main] o.h.engine.jdbc.spi.SqlExceptionHelper   : table "users" does not exist, skipping
Hibernate: 
    create table item (
        item_count integer,
        price float(53) not null,
        size float(53) not null,
        item_id bigserial not null,
        colour varchar(255),
        type varchar(255),
        primary key (item_id)
    )
Hibernate: 
    create table order_item (
        item_id bigint not null,
        order_id bigint not null
    )
Hibernate: 
    create table orders (
        created_at timestamp(6),
        customer_id bigint,
        order_id bigserial not null,
        status varchar(255),
        primary key (order_id)
    )
Hibernate: 
    create table user_roles (
        user_id bigint not null,
        user_role varchar(255) not null check (user_role in ('ADMIN','USER')),
        primary key (user_id, user_role)
    )
Hibernate: 
    create table users (
        user_id bigserial not null,
        address varchar(255) not null,
        city varchar(255) not null,
        email varchar(255) not null unique,
        first_name varchar(255) not null,
        last_name varchar(255) not null,
        password varchar(255) not null,
        phone varchar(255) not null,
        username varchar(255) not null unique,
        primary key (user_id)
    )
Hibernate: 
    alter table if exists order_item 
       add constraint FKija6hjjiit8dprnmvtvgdp6ru 
       foreign key (item_id) 
       references item
Hibernate: 
    alter table if exists order_item 
       add constraint FKt4dc2r9nbvbujrljv3e23iibt 
       foreign key (order_id) 
       references orders
Hibernate: 
    alter table if exists orders 
       add constraint FKsjfs85qf6vmcurlx43cnc16gy 
       foreign key (customer_id) 
       references users
Hibernate: 
    alter table if exists user_roles 
       add constraint FKhfh9dx7w3ubf1co1vdev94g3f 
       foreign key (user_id) 
       references users
2023-09-24T20:41:40.467+02:00  INFO 8704 --- [           main] j.LocalContainerEntityManagerFactoryBean : Initialized JPA EntityManagerFactory for persistence unit 'default'
2023-09-24T20:41:41.649+02:00  WARN 8704 --- [           main] JpaBaseConfiguration$JpaWebConfiguration : spring.jpa.open-in-view is enabled by default. Therefore, database queries may be performed during view rendering. Explicitly configure spring.jpa.open-in-view to disable this warning
2023-09-24T20:41:42.108+02:00  INFO 8704 --- [           main] o.s.s.web.DefaultSecurityFilterChain     : Will secure any request with [org.springframework.security.web.session.DisableEncodeUrlFilter@20a7ce0, org.springframework.security.web.context.request.async.WebAsyncManagerIntegrationFilter@4ee80a94, org.springframework.security.web.context.SecurityContextHolderFilter@55a2ca5e, org.springframework.security.web.header.HeaderWriterFilter@3791160a, org.springframework.security.web.csrf.CsrfFilter@738ae785, org.springframework.security.web.authentication.logout.LogoutFilter@57cc0333, org.springframework.security.oauth2.client.web.OAuth2AuthorizationRequestRedirectFilter@1b1d93e9, org.springframework.security.oauth2.client.web.OAuth2LoginAuthenticationFilter@129b0ed, org.springframework.security.web.authentication.ui.DefaultLoginPageGeneratingFilter@1a0e5c0c, org.springframework.security.web.authentication.ui.DefaultLogoutPageGeneratingFilter@7afac89a, org.springframework.security.web.savedrequest.RequestCacheAwareFilter@12bb8943, org.springframework.security.web.servletapi.SecurityContextHolderAwareRequestFilter@45f4c27c, org.springframework.security.web.authentication.AnonymousAuthenticationFilter@76d220eb, org.springframework.security.web.access.ExceptionTranslationFilter@6805415d, org.springframework.security.web.access.intercept.FilterSecurityInterceptor@73973e77]
2023-09-24T20:41:42.156+02:00  INFO 8704 --- [           main] o.s.s.web.DefaultSecurityFilterChain     : Will secure any request with [org.springframework.security.web.session.DisableEncodeUrlFilter@5a3d52a0, org.springframework.security.web.context.request.async.WebAsyncManagerIntegrationFilter@7a0f1f9d, org.springframework.security.web.context.SecurityContextHolderFilter@2e17a9e6, org.springframework.security.web.header.HeaderWriterFilter@6f9e6a85, org.springframework.security.web.csrf.CsrfFilter@162a5c4c, org.springframework.security.web.authentication.logout.LogoutFilter@650a0b50, org.springframework.security.oauth2.server.resource.web.authentication.BearerTokenAuthenticationFilter@6764201e, org.springframework.security.web.savedrequest.RequestCacheAwareFilter@6a1b4854, org.springframework.security.web.servletapi.SecurityContextHolderAwareRequestFilter@6a175162, org.springframework.security.web.authentication.AnonymousAuthenticationFilter@18356d9e, org.springframework.security.web.access.ExceptionTranslationFilter@5f0bf0ed, org.springframework.security.web.access.intercept.AuthorizationFilter@c0a8787]
2023-09-24T20:41:42.674+02:00  INFO 8704 --- [           main] sze.thesis.ThesisApplicationTests        : Started ThesisApplicationTests in 7.015 seconds (process running for 8.417)
]]></system-out>
  </testcase>
</testsuite>